<?xml version="1.0" encoding="UTF-8" ?>
<testsuite tests="12" failures="0" name="model.DAOImplTest" time="0.288" errors="0" skipped="0">
  <properties>
[...]
</properties>
  <testcase classname="model.DAOImplTest" name="whenTopUpBalanceAccount" time="0.202"/>
  <testcase classname="model.DAOImplTest" name="whenNotFoundByPassport" time="0.009"/>
  <testcase classname="model.DAOImplTest" name="whenCheckBalance" time="0.013"/>
  <testcase classname="model.DAOImplTest" name="whenCheckBalanceNotAccount" time="0.008"/>
  <testcase classname="model.DAOImplTest" name="whenTopUpBalanceAccountNotAccount" time="0.007"/>
  <testcase classname="model.DAOImplTest" name="whenAddNewCardException" time="0.006"/>
  <testcase classname="model.DAOImplTest" name="whenAddNewCard" time="0.009"/>
  <testcase classname="model.DAOImplTest" name="whenFindAllOneCard" time="0.007"/>
  <testcase classname="model.DAOImplTest" name="whenFindAllFewCard" time="0.007"/>
  <testcase classname="model.DAOImplTest" name="whenfindByPassport" time="0.006"/>
  <testcase classname="model.DAOImplTest" name="whenFindAllWithoutUser" time="0.006"/>
  <testcase classname="model.DAOImplTest" name="whenNotAddNewCard" time="0.008"/>
</testsuite>